app/build/outputs/logs/manifest-merger-debug-report.txt
-- Merging decision tree log ---
manifest
ADDED from src\main\AndroidManifest.xml:2:1-21:12
INJECTED from src\main\AndroidManifest.xml:2:1-21:12
INJECTED from src\main\AndroidManifest.xml:2:1-21:12
INJECTED from src\main\AndroidManifest.xml:2:1-21:12
MERGED from [com.karumi:dexter:4.2.0] AndroidManifest.xml:17:1-32:12
MERGED from [com.android.support:multidex:1.0.3] AndroidManifest.xml:17:1-22:12
MERGED from [io.left.rightmesh:lib-rightmesh-android:0.10.0] AndroidManifest.xml:2:1-187:12
MERGED from [com.android.support:design:27.1.1] AndroidManifest.xml:17:1-22:12
MERGED from [com.android.support:appcompat-v7:28.0.0] AndroidManifest.xml:17:1-22:12
MERGED from [com.android.support.constraint:constraint-layout:1.1.3] AndroidManifest.xml:2:1-11:12
MERGED from [com.google.android.gms:play-services-location:16.0.0] AndroidManifest.xml:2:1-9:12
MERGED from [com.google.android.gms:play-services-base:16.0.1] AndroidManifest.xml:17:1-29:12
MERGED from [com.google.android.gms:play-services-places-placereport:16.0.0] AndroidManifest.xml:17:1-24:12
MERGED from [com.google.android.gms:play-services-tasks:16.0.1] AndroidManifest.xml:2:1-9:12
MERGED from [com.google.android.gms:play-services-basement:16.0.1] AndroidManifest.xml:17:1-28:12
MERGED from [com.android.support:support-v4:27.1.1] AndroidManifest.xml:17:1-22:12
MERGED from [com.android.support:support-fragment:28.0.0] AndroidManifest.xml:17:1-22:12
MERGED from [com.android.support:animated-vector-drawable:28.0.0] AndroidManifest.xml:17:1-22:12
MERGED from [com.android.support:recyclerview-v7:27.1.1] AndroidManifest.xml:17:1-22:12
MERGED from [com.android.support:support-core-ui:28.0.0] AndroidManifest.xml:17:1-22:12
MERGED from [com.android.support:support-core-utils:28.0.0] AndroidManifest.xml:17:1-22:12
MERGED from [com.android.support:support-vector-drawable:28.0.0] AndroidManifest.xml:17:1-22:12
MERGED from [com.android.support:loader:28.0.0] AndroidManifest.xml:17:1-22:12
MERGED from [com.android.support:transition:27.1.1] AndroidManifest.xml:17:1-22:12
MERGED from [com.android.support:support-media-compat:27.1.1] AndroidManifest.xml:17:1-22:12
MERGED from [com.android.support:viewpager:28.0.0] AndroidManifest.xml:17:1-22:12
MERGED from [com.android.support:coordinatorlayout:28.0.0] AndroidManifest.xml:17:1-22:12
MERGED from [com.android.support:drawerlayout:28.0.0] AndroidManifest.xml:17:1-22:12
MERGED from [com.android.support:slidingpanelayout:28.0.0] AndroidManifest.xml:17:1-22:12
MERGED from [com.android.support:customview:28.0.0] AndroidManifest.xml:17:1-22:12
MERGED from [com.android.support:swiperefreshlayout:28.0.0] AndroidManifest.xml:17:1-22:12
MERGED from [com.android.support:asynclayoutinflater:28.0.0] AndroidManifest.xml:17:1-22:12
MERGED from [com.android.support:support-compat:28.0.0] AndroidManifest.xml:17:1-24:12
MERGED from [com.android.support:versionedparcelable:28.0.0] AndroidManifest.xml:17:1-25:12
MERGED from [com.android.support:cursoradapter:28.0.0] AndroidManifest.xml:17:1-22:12
MERGED from [android.arch.lifecycle:runtime:1.1.1] AndroidManifest.xml:17:1-22:12
MERGED from [com.android.support:documentfile:28.0.0] AndroidManifest.xml:17:1-22:12
MERGED from [com.android.support:localbroadcastmanager:28.0.0] AndroidManifest.xml:17:1-22:12
MERGED from [com.android.support:print:28.0.0] AndroidManifest.xml:17:1-22:12
MERGED from [android.arch.lifecycle:viewmodel:1.1.1] AndroidManifest.xml:17:1-22:12
MERGED from [android.arch.lifecycle:livedata:1.1.1] AndroidManifest.xml:17:1-22:12
MERGED from [android.arch.lifecycle:livedata-core:1.1.1] AndroidManifest.xml:17:1-22:12
MERGED from [android.arch.core:runtime:1.1.1] AndroidManifest.xml:17:1-22:12
MERGED from [com.android.support:interpolator:28.0.0] AndroidManifest.xml:17:1-22:12
MERGED from [org.whispersystems:signal-protocol-android:2.4.0] AndroidManifest.xml:2:1-5:12
MERGED from [cc.mvdan.accesspoint:library:0.2.0] AndroidManifest.xml:2:1-10:12
MERGED from [io.reactivex.rxjava2:rxandroid:2.0.1] AndroidManifest.xml:15:1-21:12
MERGED from [org.whispersystems:curve25519-android:0.3.0] AndroidManifest.xml:2:1-7:12
INJECTED from src\main\AndroidManifest.xml:2:1-21:12
INJECTED from src\main\AndroidManifest.xml:2:1-21:12
INJECTED from src\main\AndroidManifest.xml:2:1-21:12
	package
		ADDED from src\main\AndroidManifest.xml:3:5-33
		INJECTED from src\main\AndroidManifest.xml
		INJECTED from src\main\AndroidManifest.xml
	android:versionName
		INJECTED from src\main\AndroidManifest.xml
		ADDED from src\main\AndroidManifest.xml:2:1-21:12
		INJECTED from src\main\AndroidManifest.xml
	android:versionCode
		INJECTED from src\main\AndroidManifest.xml
		ADDED from src\main\AndroidManifest.xml:2:1-21:12
		INJECTED from src\main\AndroidManifest.xml
	xmlns:android
		ADDED from src\main\AndroidManifest.xml:2:11-69
application
ADDED from src\main\AndroidManifest.xml:5:5-19:19
MERGED from [com.karumi:dexter:4.2.0] AndroidManifest.xml:26:5-30:19
MERGED from [com.karumi:dexter:4.2.0] AndroidManifest.xml:26:5-30:19
MERGED from [io.left.rightmesh:lib-rightmesh-android:0.10.0] AndroidManifest.xml:31:5-185:19
MERGED from [io.left.rightmesh:lib-rightmesh-android:0.10.0] AndroidManifest.xml:31:5-185:19
MERGED from [com.android.support.constraint:constraint-layout:1.1.3] AndroidManifest.xml:9:5-20
MERGED from [com.android.support.constraint:constraint-layout:1.1.3] AndroidManifest.xml:9:5-20
MERGED from [com.google.android.gms:play-services-location:16.0.0] AndroidManifest.xml:7:5-20
MERGED from [com.google.android.gms:play-services-location:16.0.0] AndroidManifest.xml:7:5-20
MERGED from [com.google.android.gms:play-services-base:16.0.1] AndroidManifest.xml:22:5-27:19
MERGED from [com.google.android.gms:play-services-base:16.0.1] AndroidManifest.xml:22:5-27:19
MERGED from [com.google.android.gms:play-services-places-placereport:16.0.0] AndroidManifest.xml:22:5-20
MERGED from [com.google.android.gms:play-services-places-placereport:16.0.0] AndroidManifest.xml:22:5-20
MERGED from [com.google.android.gms:play-services-tasks:16.0.1] AndroidManifest.xml:7:5-20
MERGED from [com.google.android.gms:play-services-tasks:16.0.1] AndroidManifest.xml:7:5-20
MERGED from [com.google.android.gms:play-services-basement:16.0.1] AndroidManifest.xml:22:5-26:19
MERGED from [com.google.android.gms:play-services-basement:16.0.1] AndroidManifest.xml:22:5-26:19
MERGED from [com.android.support:support-compat:28.0.0] AndroidManifest.xml:22:5-94
MERGED from [com.android.support:support-compat:28.0.0] AndroidManifest.xml:22:5-94
MERGED from [com.android.support:versionedparcelable:28.0.0] AndroidManifest.xml:22:5-23:19
MERGED from [com.android.support:versionedparcelable:28.0.0] AndroidManifest.xml:22:5-23:19
MERGED from [org.whispersystems:curve25519-android:0.3.0] AndroidManifest.xml:5:5-20
MERGED from [org.whispersystems:curve25519-android:0.3.0] AndroidManifest.xml:5:5-20
	android:appComponentFactory
		ADDED from [com.android.support:support-compat:28.0.0] AndroidManifest.xml:22:18-91
	android:supportsRtl
		ADDED from src\main\AndroidManifest.xml:10:9-35
	android:label
		ADDED from src\main\AndroidManifest.xml:8:9-41
	android:roundIcon
		ADDED from src\main\AndroidManifest.xml:9:9-54
	android:icon
		ADDED from src\main\AndroidManifest.xml:7:9-43
	android:allowBackup
		ADDED from src\main\AndroidManifest.xml:6:9-35
	android:theme
		ADDED from src\main\AndroidManifest.xml:11:9-40
activity#com.uss.chatmodule.MainActivity
ADDED from src\main\AndroidManifest.xml:12:9-18:20
	android:name
		ADDED from src\main\AndroidManifest.xml:12:19-47
intent-filter#action:name:android.intent.action.MAIN+category:name:android.intent.category.LAUNCHER
ADDED from src\main\AndroidManifest.xml:13:13-17:29
action#android.intent.action.MAIN
ADDED from src\main\AndroidManifest.xml:14:17-69
	android:name
		ADDED from src\main\AndroidManifest.xml:14:25-66
category#android.intent.category.LAUNCHER
ADDED from src\main\AndroidManifest.xml:16:17-77
	android:name
		ADDED from src\main\AndroidManifest.xml:16:27-74
uses-sdk
INJECTED from src\main\AndroidManifest.xml reason: use-sdk injection requested
INJECTED from src\main\AndroidManifest.xml
INJECTED from src\main\AndroidManifest.xml
MERGED from [com.karumi:dexter:4.2.0] AndroidManifest.xml:22:5-24:41
MERGED from [com.karumi:dexter:4.2.0] AndroidManifest.xml:22:5-24:41
MERGED from [com.android.support:multidex:1.0.3] AndroidManifest.xml:20:5-43
MERGED from [com.android.support:multidex:1.0.3] AndroidManifest.xml:20:5-43
MERGED from [io.left.rightmesh:lib-rightmesh-android:0.10.0] AndroidManifest.xml:7:5-9:41
MERGED from [io.left.rightmesh:lib-rightmesh-android:0.10.0] AndroidManifest.xml:7:5-9:41
MERGED from [com.android.support:design:27.1.1] AndroidManifest.xml:20:5-44
MERGED from [com.android.support:design:27.1.1] AndroidManifest.xml:20:5-44
MERGED from [com.android.support:appcompat-v7:28.0.0] AndroidManifest.xml:20:5-44
MERGED from [com.android.support:appcompat-v7:28.0.0] AndroidManifest.xml:20:5-44
MERGED from [com.android.support.constraint:constraint-layout:1.1.3] AndroidManifest.xml:5:5-7:41
MERGED from [com.android.support.constraint:constraint-layout:1.1.3] AndroidManifest.xml:5:5-7:41
MERGED from [com.google.android.gms:play-services-location:16.0.0] AndroidManifest.xml:5:5-44
MERGED from [com.google.android.gms:play-services-location:16.0.0] AndroidManifest.xml:5:5-44
MERGED from [com.google.android.gms:play-services-base:16.0.1] AndroidManifest.xml:20:5-44
MERGED from [com.google.android.gms:play-services-base:16.0.1] AndroidManifest.xml:20:5-44
MERGED from [com.google.android.gms:play-services-places-placereport:16.0.0] AndroidManifest.xml:20:5-44
MERGED from [com.google.android.gms:play-services-places-placereport:16.0.0] AndroidManifest.xml:20:5-44
MERGED from [com.google.android.gms:play-services-tasks:16.0.1] AndroidManifest.xml:5:5-44
MERGED from [com.google.android.gms:play-services-tasks:16.0.1] AndroidManifest.xml:5:5-44
MERGED from [com.google.android.gms:play-services-basement:16.0.1] AndroidManifest.xml:20:5-44
MERGED from [com.google.android.gms:play-services-basement:16.0.1] AndroidManifest.xml:20:5-44
MERGED from [com.android.support:support-v4:27.1.1] AndroidManifest.xml:20:5-44
MERGED from [com.android.support:support-v4:27.1.1] AndroidManifest.xml:20:5-44
MERGED from [com.android.support:support-fragment:28.0.0] AndroidManifest.xml:20:5-44
MERGED from [com.android.support:support-fragment:28.0.0] AndroidManifest.xml:20:5-44
MERGED from [com.android.support:animated-vector-drawable:28.0.0] AndroidManifest.xml:20:5-44
MERGED from [com.android.support:animated-vector-drawable:28.0.0] AndroidManifest.xml:20:5-44
MERGED from [com.android.support:recyclerview-v7:27.1.1] AndroidManifest.xml:20:5-44
MERGED from [com.android.support:recyclerview-v7:27.1.1] AndroidManifest.xml:20:5-44
MERGED from [com.android.support:support-core-ui:28.0.0] AndroidManifest.xml:20:5-44
MERGED from [com.android.support:support-core-ui:28.0.0] AndroidManifest.xml:20:5-44
MERGED from [com.android.support:support-core-utils:28.0.0] AndroidManifest.xml:20:5-44
MERGED from [com.android.support:support-core-utils:28.0.0] AndroidManifest.xml:20:5-44
MERGED from [com.android.support:support-vector-drawable:28.0.0] AndroidManifest.xml:20:5-44
MERGED from [com.android.support:support-vector-drawable:28.0.0] AndroidManifest.xml:20:5-44
MERGED from [com.android.support:loader:28.0.0] AndroidManifest.xml:20:5-44
MERGED from [com.android.support:loader:28.0.0] AndroidManifest.xml:20:5-44
MERGED from [com.android.support:transition:27.1.1] AndroidManifest.xml:20:5-44
MERGED from [com.android.support:transition:27.1.1] AndroidManifest.xml:20:5-44
MERGED from [com.android.support:support-media-compat:27.1.1] AndroidManifest.xml:20:5-44
MERGED from [com.android.support:support-media-compat:27.1.1] AndroidManifest.xml:20:5-44
MERGED from [com.android.support:viewpager:28.0.0] AndroidManifest.xml:20:5-44
MERGED from [com.android.support:viewpager:28.0.0] AndroidManifest.xml:20:5-44
MERGED from [com.android.support:coordinatorlayout:28.0.0] AndroidManifest.xml:20:5-44
MERGED from [com.android.support:coordinatorlayout:28.0.0] AndroidManifest.xml:20:5-44
MERGED from [com.android.support:drawerlayout:28.0.0] AndroidManifest.xml:20:5-44
MERGED from [com.android.support:drawerlayout:28.0.0] AndroidManifest.xml:20:5-44
MERGED from [com.android.support:slidingpanelayout:28.0.0] AndroidManifest.xml:20:5-44
MERGED from [com.android.support:slidingpanelayout:28.0.0] AndroidManifest.xml:20:5-44
MERGED from [com.android.support:customview:28.0.0] AndroidManifest.xml:20:5-44
MERGED from [com.android.support:customview:28.0.0] AndroidManifest.xml:20:5-44
MERGED from [com.android.support:swiperefreshlayout:28.0.0] AndroidManifest.xml:20:5-44
MERGED from [com.android.support:swiperefreshlayout:28.0.0] AndroidManifest.xml:20:5-44
MERGED from [com.android.support:asynclayoutinflater:28.0.0] AndroidManifest.xml:20:5-44
MERGED from [com.android.support:asynclayoutinflater:28.0.0] AndroidManifest.xml:20:5-44
MERGED from [com.android.support:support-compat:28.0.0] AndroidManifest.xml:20:5-44
MERGED from [com.android.support:support-compat:28.0.0] AndroidManifest.xml:20:5-44
MERGED from [com.android.support:versionedparcelable:28.0.0] AndroidManifest.xml:20:5-44
MERGED from [com.android.support:versionedparcelable:28.0.0] AndroidManifest.xml:20:5-44
MERGED from [com.android.support:cursoradapter:28.0.0] AndroidManifest.xml:20:5-44
MERGED from [com.android.support:cursoradapter:28.0.0] AndroidManifest.xml:20:5-44
MERGED from [android.arch.lifecycle:runtime:1.1.1] AndroidManifest.xml:20:5-44
MERGED from [android.arch.lifecycle:runtime:1.1.1] AndroidManifest.xml:20:5-44
MERGED from [com.android.support:documentfile:28.0.0] AndroidManifest.xml:20:5-44
MERGED from [com.android.support:documentfile:28.0.0] AndroidManifest.xml:20:5-44
MERGED from [com.android.support:localbroadcastmanager:28.0.0] AndroidManifest.xml:20:5-44
MERGED from [com.android.support:localbroadcastmanager:28.0.0] AndroidManifest.xml:20:5-44
MERGED from [com.android.support:print:28.0.0] AndroidManifest.xml:20:5-44
MERGED from [com.android.support:print:28.0.0] AndroidManifest.xml:20:5-44
MERGED from [android.arch.lifecycle:viewmodel:1.1.1] AndroidManifest.xml:20:5-44
MERGED from [android.arch.lifecycle:viewmodel:1.1.1] AndroidManifest.xml:20:5-44
MERGED from [android.arch.lifecycle:livedata:1.1.1] AndroidManifest.xml:20:5-44
MERGED from [android.arch.lifecycle:livedata:1.1.1] AndroidManifest.xml:20:5-44
MERGED from [android.arch.lifecycle:livedata-core:1.1.1] AndroidManifest.xml:20:5-44
MERGED from [android.arch.lifecycle:livedata-core:1.1.1] AndroidManifest.xml:20:5-44
MERGED from [android.arch.core:runtime:1.1.1] AndroidManifest.xml:20:5-44
MERGED from [android.arch.core:runtime:1.1.1] AndroidManifest.xml:20:5-44
MERGED from [com.android.support:interpolator:28.0.0] AndroidManifest.xml:20:5-44
MERGED from [com.android.support:interpolator:28.0.0] AndroidManifest.xml:20:5-44
MERGED from [cc.mvdan.accesspoint:library:0.2.0] AndroidManifest.xml:6:5-8:41
MERGED from [cc.mvdan.accesspoint:library:0.2.0] AndroidManifest.xml:6:5-8:41
MERGED from [io.reactivex.rxjava2:rxandroid:2.0.1] AndroidManifest.xml:19:5-43
MERGED from [io.reactivex.rxjava2:rxandroid:2.0.1] AndroidManifest.xml:19:5-43
INJECTED from src\main\AndroidManifest.xml
INJECTED from src\main\AndroidManifest.xml
	android:targetSdkVersion
		INJECTED from src\main\AndroidManifest.xml
		ADDED from src\main\AndroidManifest.xml
		INJECTED from src\main\AndroidManifest.xml
	android:minSdkVersion
		INJECTED from src\main\AndroidManifest.xml
		ADDED from src\main\AndroidManifest.xml
		INJECTED from src\main\AndroidManifest.xml
activity#com.karumi.dexter.DexterActivity
ADDED from [com.karumi:dexter:4.2.0] AndroidManifest.xml:27:9-29:72
	android:theme
		ADDED from [com.karumi:dexter:4.2.0] AndroidManifest.xml:29:13-69
	android:name
		ADDED from [com.karumi:dexter:4.2.0] AndroidManifest.xml:28:13-60
uses-permission#android.permission.ACCESS_COARSE_LOCATION
ADDED from [io.left.rightmesh:lib-rightmesh-android:0.10.0] AndroidManifest.xml:11:5-81
	android:name
		ADDED from [io.left.rightmesh:lib-rightmesh-android:0.10.0] AndroidManifest.xml:11:22-78
uses-permission#android.permission.ACCESS_FINE_LOCATION
ADDED from [io.left.rightmesh:lib-rightmesh-android:0.10.0] AndroidManifest.xml:12:5-79
	android:name
		ADDED from [io.left.rightmesh:lib-rightmesh-android:0.10.0] AndroidManifest.xml:12:22-76
uses-permission#android.permission.ACCESS_WIFI_STATE
ADDED from [io.left.rightmesh:lib-rightmesh-android:0.10.0] AndroidManifest.xml:13:5-76
	android:name
		ADDED from [io.left.rightmesh:lib-rightmesh-android:0.10.0] AndroidManifest.xml:13:22-73
uses-permission#android.permission.ACCESS_NETWORK_STATE
ADDED from [io.left.rightmesh:lib-rightmesh-android:0.10.0] AndroidManifest.xml:14:5-79
	android:name
		ADDED from [io.left.rightmesh:lib-rightmesh-android:0.10.0] AndroidManifest.xml:14:22-76
uses-permission#android.permission.BLUETOOTH
ADDED from [io.left.rightmesh:lib-rightmesh-android:0.10.0] AndroidManifest.xml:15:5-68
	android:name
		ADDED from [io.left.rightmesh:lib-rightmesh-android:0.10.0] AndroidManifest.xml:15:22-65
uses-permission#android.permission.BLUETOOTH_ADMIN
ADDED from [io.left.rightmesh:lib-rightmesh-android:0.10.0] AndroidManifest.xml:16:5-74
	android:name
		ADDED from [io.left.rightmesh:lib-rightmesh-android:0.10.0] AndroidManifest.xml:16:22-71
uses-permission#android.permission.CHANGE_NETWORK_STATE
ADDED from [io.left.rightmesh:lib-rightmesh-android:0.10.0] AndroidManifest.xml:18:5-20:38
	android:maxSdkVersion
		ADDED from [io.left.rightmesh:lib-rightmesh-android:0.10.0] AndroidManifest.xml:20:9-35
	android:name
		ADDED from [io.left.rightmesh:lib-rightmesh-android:0.10.0] AndroidManifest.xml:19:9-63
uses-permission#android.permission.CHANGE_WIFI_MULTICAST_STATE
ADDED from [io.left.rightmesh:lib-rightmesh-android:0.10.0] AndroidManifest.xml:21:5-86
	android:name
		ADDED from [io.left.rightmesh:lib-rightmesh-android:0.10.0] AndroidManifest.xml:21:22-83
uses-permission#android.permission.CHANGE_WIFI_STATE
ADDED from [io.left.rightmesh:lib-rightmesh-android:0.10.0] AndroidManifest.xml:22:5-76
	android:name
		ADDED from [io.left.rightmesh:lib-rightmesh-android:0.10.0] AndroidManifest.xml:22:22-73
uses-permission#android.permission.INTERNET
ADDED from [io.left.rightmesh:lib-rightmesh-android:0.10.0] AndroidManifest.xml:23:5-67
	android:name
		ADDED from [io.left.rightmesh:lib-rightmesh-android:0.10.0] AndroidManifest.xml:23:22-64
uses-permission#android.permission.WAKE_LOCK
ADDED from [io.left.rightmesh:lib-rightmesh-android:0.10.0] AndroidManifest.xml:24:5-68
	android:name
		ADDED from [io.left.rightmesh:lib-rightmesh-android:0.10.0] AndroidManifest.xml:24:22-65
uses-permission#android.permission.WRITE_EXTERNAL_STORAGE
ADDED from [io.left.rightmesh:lib-rightmesh-android:0.10.0] AndroidManifest.xml:25:5-81
	android:name
		ADDED from [io.left.rightmesh:lib-rightmesh-android:0.10.0] AndroidManifest.xml:25:22-78
uses-permission#android.permission.WRITE_SETTINGS
ADDED from [io.left.rightmesh:lib-rightmesh-android:0.10.0] AndroidManifest.xml:27:5-73
	android:name
		ADDED from [io.left.rightmesh:lib-rightmesh-android:0.10.0] AndroidManifest.xml:27:22-70
uses-feature#android.hardware.bluetooth
ADDED from [io.left.rightmesh:lib-rightmesh-android:0.10.0] AndroidManifest.xml:29:5-63
	android:name
		ADDED from [io.left.rightmesh:lib-rightmesh-android:0.10.0] AndroidManifest.xml:29:19-60
meta-data#io.fabric.ApiKey
ADDED from [io.left.rightmesh:lib-rightmesh-android:0.10.0] AndroidManifest.xml:32:9-34:72
	android:value
		ADDED from [io.left.rightmesh:lib-rightmesh-android:0.10.0] AndroidManifest.xml:34:13-69
	android:name
		ADDED from [io.left.rightmesh:lib-rightmesh-android:0.10.0] AndroidManifest.xml:33:13-44
receiver#io.left.rightmesh.android.AndroidMeshManager$MeshIntentReceiver
ADDED from [io.left.rightmesh:lib-rightmesh-android:0.10.0] AndroidManifest.xml:36:9-45:20
	android:enabled
		ADDED from [io.left.rightmesh:lib-rightmesh-android:0.10.0] AndroidManifest.xml:38:13-36
	android:name
		ADDED from [io.left.rightmesh:lib-rightmesh-android:0.10.0] AndroidManifest.xml:37:13-91
intent-filter#action:name:io.left.rightmesh.mesh.MeshManager.intent.action.NOTIFY_PERMISSION+action:name:io.left.rightmesh.mesh.MeshManager.intent.action.PEER_UPDATED+action:name:io.left.rightmesh.mesh.MeshManager.intent.action.SERVICE_START+action:name:io.left.rightmesh.mesh.MeshManager.intent.action.SERVICE_STOP
ADDED from [io.left.rightmesh:lib-rightmesh-android:0.10.0] AndroidManifest.xml:39:13-44:29
action#io.left.rightmesh.mesh.MeshManager.intent.action.NOTIFY_PERMISSION
ADDED from [io.left.rightmesh:lib-rightmesh-android:0.10.0] AndroidManifest.xml:40:17-109
	android:name
		ADDED from [io.left.rightmesh:lib-rightmesh-android:0.10.0] AndroidManifest.xml:40:25-106
action#io.left.rightmesh.mesh.MeshManager.intent.action.PEER_UPDATED
ADDED from [io.left.rightmesh:lib-rightmesh-android:0.10.0] AndroidManifest.xml:41:17-104
	android:name
		ADDED from [io.left.rightmesh:lib-rightmesh-android:0.10.0] AndroidManifest.xml:41:25-101
action#io.left.rightmesh.mesh.MeshManager.intent.action.SERVICE_START
ADDED from [io.left.rightmesh:lib-rightmesh-android:0.10.0] AndroidManifest.xml:42:17-105
	android:name
		ADDED from [io.left.rightmesh:lib-rightmesh-android:0.10.0] AndroidManifest.xml:42:25-102
action#io.left.rightmesh.mesh.MeshManager.intent.action.SERVICE_STOP
ADDED from [io.left.rightmesh:lib-rightmesh-android:0.10.0] AndroidManifest.xml:43:17-104
	android:name
		ADDED from [io.left.rightmesh:lib-rightmesh-android:0.10.0] AndroidManifest.xml:43:25-101
receiver#io.left.rightmesh.android.AndroidWifiDeviceInterface$ModeListener
ADDED from [io.left.rightmesh:lib-rightmesh-android:0.10.0] AndroidManifest.xml:46:9-56:20
	android:enabled
		ADDED from [io.left.rightmesh:lib-rightmesh-android:0.10.0] AndroidManifest.xml:48:13-36
	android:name
		ADDED from [io.left.rightmesh:lib-rightmesh-android:0.10.0] AndroidManifest.xml:47:13-93
intent-filter#action:name:io.left.rightmesh.android.AndroidWifiDeviceInterface.intent.action.AP_PERMISSION+action:name:io.left.rightmesh.android.AndroidWifiDeviceInterface.intent.action.LOCATION_PERMISSION+action:name:io.left.rightmesh.android.AndroidWifiDeviceInterface.intent.action.MODE_CHANGED+action:name:io.left.rightmesh.android.AndroidWifiDeviceInterface.intent.action.SCAN_PERMISSION+action:name:io.left.rightmesh.android.AndroidWifiDeviceInterface.intent.action.SSID_SET
ADDED from [io.left.rightmesh:lib-rightmesh-android:0.10.0] AndroidManifest.xml:49:13-55:29
action#io.left.rightmesh.android.AndroidWifiDeviceInterface.intent.action.MODE_CHANGED
ADDED from [io.left.rightmesh:lib-rightmesh-android:0.10.0] AndroidManifest.xml:50:17-122
	android:name
		ADDED from [io.left.rightmesh:lib-rightmesh-android:0.10.0] AndroidManifest.xml:50:25-119
action#io.left.rightmesh.android.AndroidWifiDeviceInterface.intent.action.AP_PERMISSION
ADDED from [io.left.rightmesh:lib-rightmesh-android:0.10.0] AndroidManifest.xml:51:17-123
	android:name
		ADDED from [io.left.rightmesh:lib-rightmesh-android:0.10.0] AndroidManifest.xml:51:25-120
action#io.left.rightmesh.android.AndroidWifiDeviceInterface.intent.action.SCAN_PERMISSION
ADDED from [io.left.rightmesh:lib-rightmesh-android:0.10.0] AndroidManifest.xml:52:17-125
	android:name
		ADDED from [io.left.rightmesh:lib-rightmesh-android:0.10.0] AndroidManifest.xml:52:25-122
action#io.left.rightmesh.android.AndroidWifiDeviceInterface.intent.action.LOCATION_PERMISSION
ADDED from [io.left.rightmesh:lib-rightmesh-android:0.10.0] AndroidManifest.xml:53:17-129
	android:name
		ADDED from [io.left.rightmesh:lib-rightmesh-android:0.10.0] AndroidManifest.xml:53:25-126
action#io.left.rightmesh.android.AndroidWifiDeviceInterface.intent.action.SSID_SET
ADDED from [io.left.rightmesh:lib-rightmesh-android:0.10.0] AndroidManifest.xml:54:17-118
	android:name
		ADDED from [io.left.rightmesh:lib-rightmesh-android:0.10.0] AndroidManifest.xml:54:25-115
receiver#io.left.rightmesh.android.MeshSettingsFragment$ModeListener
ADDED from [io.left.rightmesh:lib-rightmesh-android:0.10.0] AndroidManifest.xml:57:9-65:20
	android:enabled
		ADDED from [io.left.rightmesh:lib-rightmesh-android:0.10.0] AndroidManifest.xml:59:13-36
	android:name
		ADDED from [io.left.rightmesh:lib-rightmesh-android:0.10.0] AndroidManifest.xml:58:13-87
intent-filter#action:name:io.left.rightmesh.android.AndroidBTDeviceInterface.intent.action.BT_ENABLED+action:name:io.left.rightmesh.android.AndroidWifiDeviceInterface.intent.action.AP_PERMISSION+action:name:io.left.rightmesh.android.AndroidWifiDeviceInterface.intent.action.LOCATION_PERMISSION
ADDED from [io.left.rightmesh:lib-rightmesh-android:0.10.0] AndroidManifest.xml:60:13-64:29
action#io.left.rightmesh.android.AndroidBTDeviceInterface.intent.action.BT_ENABLED
ADDED from [io.left.rightmesh:lib-rightmesh-android:0.10.0] AndroidManifest.xml:63:17-118
	android:name
		ADDED from [io.left.rightmesh:lib-rightmesh-android:0.10.0] AndroidManifest.xml:63:25-115
receiver#io.left.rightmesh.android.AndroidAutonomousWifi$AutonomousWifiStateListener
ADDED from [io.left.rightmesh:lib-rightmesh-android:0.10.0] AndroidManifest.xml:66:9-72:20
	android:enabled
		ADDED from [io.left.rightmesh:lib-rightmesh-android:0.10.0] AndroidManifest.xml:68:13-36
	android:name
		ADDED from [io.left.rightmesh:lib-rightmesh-android:0.10.0] AndroidManifest.xml:67:13-103
intent-filter#action:name:io.left.rightmesh.android.AutonomousWifi.intent.action.WIFI_ENABLED
ADDED from [io.left.rightmesh:lib-rightmesh-android:0.10.0] AndroidManifest.xml:69:13-71:29
action#io.left.rightmesh.android.AutonomousWifi.intent.action.WIFI_ENABLED
ADDED from [io.left.rightmesh:lib-rightmesh-android:0.10.0] AndroidManifest.xml:70:17-110
	android:name
		ADDED from [io.left.rightmesh:lib-rightmesh-android:0.10.0] AndroidManifest.xml:70:25-107
receiver#io.left.rightmesh.android.AndroidBTDeviceInterface$BTStateListener
ADDED from [io.left.rightmesh:lib-rightmesh-android:0.10.0] AndroidManifest.xml:73:9-85:20
	android:enabled
		ADDED from [io.left.rightmesh:lib-rightmesh-android:0.10.0] AndroidManifest.xml:75:13-36
	android:name
		ADDED from [io.left.rightmesh:lib-rightmesh-android:0.10.0] AndroidManifest.xml:74:13-94
intent-filter#action:name:io.left.mesh.android.AndroidWifiDeviceInterface.intent.action.LOCATION_PERMISSION+action:name:io.left.mesh.android.AndroidWifiDeviceInterface.intent.action.SCAN_PERMISSION+action:name:io.left.rightmesh.android.AndroidBTDeviceInterface.intent.action.BT_ENABLED+action:name:io.left.rightmesh.android.AndroidBTDeviceInterface.intent.action.BT_PERMISSION+action:name:io.left.rightmesh.android.AndroidBTDeviceInterface.intent.action.SSID_SET
ADDED from [io.left.rightmesh:lib-rightmesh-android:0.10.0] AndroidManifest.xml:76:13-84:29
action#io.left.mesh.android.AndroidWifiDeviceInterface.intent.action.SCAN_PERMISSION
ADDED from [io.left.rightmesh:lib-rightmesh-android:0.10.0] AndroidManifest.xml:79:17-120
	android:name
		ADDED from [io.left.rightmesh:lib-rightmesh-android:0.10.0] AndroidManifest.xml:79:25-117
action#io.left.mesh.android.AndroidWifiDeviceInterface.intent.action.LOCATION_PERMISSION
ADDED from [io.left.rightmesh:lib-rightmesh-android:0.10.0] AndroidManifest.xml:80:17-124
	android:name
		ADDED from [io.left.rightmesh:lib-rightmesh-android:0.10.0] AndroidManifest.xml:80:25-121
action#io.left.rightmesh.android.AndroidBTDeviceInterface.intent.action.BT_PERMISSION
ADDED from [io.left.rightmesh:lib-rightmesh-android:0.10.0] AndroidManifest.xml:81:17-121
	android:name
		ADDED from [io.left.rightmesh:lib-rightmesh-android:0.10.0] AndroidManifest.xml:81:25-118
action#io.left.rightmesh.android.AndroidBTDeviceInterface.intent.action.SSID_SET
ADDED from [io.left.rightmesh:lib-rightmesh-android:0.10.0] AndroidManifest.xml:83:17-116
	android:name
		ADDED from [io.left.rightmesh:lib-rightmesh-android:0.10.0] AndroidManifest.xml:83:25-113
receiver#io.left.rightmesh.android.AndroidAutonomousWifi$WifiScanner
ADDED from [io.left.rightmesh:lib-rightmesh-android:0.10.0] AndroidManifest.xml:86:9-88:39
	android:enabled
		ADDED from [io.left.rightmesh:lib-rightmesh-android:0.10.0] AndroidManifest.xml:88:13-36
	android:name
		ADDED from [io.left.rightmesh:lib-rightmesh-android:0.10.0] AndroidManifest.xml:87:13-87
receiver#io.left.rightmesh.android.AndroidMeshService$ServiceChangeReceiver
ADDED from [io.left.rightmesh:lib-rightmesh-android:0.10.0] AndroidManifest.xml:89:9-95:20
	android:enabled
		ADDED from [io.left.rightmesh:lib-rightmesh-android:0.10.0] AndroidManifest.xml:91:13-36
	android:name
		ADDED from [io.left.rightmesh:lib-rightmesh-android:0.10.0] AndroidManifest.xml:90:13-94
intent-filter#action:name:io.left.rightmesh.android.MeshManager.intent.action.SERVICE_STOP
ADDED from [io.left.rightmesh:lib-rightmesh-android:0.10.0] AndroidManifest.xml:92:13-94:29
action#io.left.rightmesh.android.MeshManager.intent.action.SERVICE_STOP
ADDED from [io.left.rightmesh:lib-rightmesh-android:0.10.0] AndroidManifest.xml:93:17-107
	android:name
		ADDED from [io.left.rightmesh:lib-rightmesh-android:0.10.0] AndroidManifest.xml:93:25-104
receiver#io.left.rightmesh.android.MeshStoreSettings$MeshStoreActionReceiver
ADDED from [io.left.rightmesh:lib-rightmesh-android:0.10.0] AndroidManifest.xml:96:9-103:20
	android:enabled
		ADDED from [io.left.rightmesh:lib-rightmesh-android:0.10.0] AndroidManifest.xml:98:13-36
	android:name
		ADDED from [io.left.rightmesh:lib-rightmesh-android:0.10.0] AndroidManifest.xml:97:13-95
intent-filter#action:name:io.left.rightmesh.mesh.MeshManager.intent.action.DATA_TRADING+action:name:io.left.rightmesh.mesh.MeshManager.intent.action.STORE_CONFIG
ADDED from [io.left.rightmesh:lib-rightmesh-android:0.10.0] AndroidManifest.xml:99:13-102:29
action#io.left.rightmesh.mesh.MeshManager.intent.action.STORE_CONFIG